<?xml version="1.0" encoding="UTF-8"?>
<testsuite xmlns:xsi="http://www.w3.org/2001/XMLSchema-instance" xsi:noNamespaceSchemaLocation="https://maven.apache.org/surefire/maven-surefire-plugin/xsd/surefire-test-report-3.0.xsd" version="3.0" name="com.example.spring_boot_demo.SpringBootDemoApplicationTests" time="1.717" tests="1" errors="0" skipped="0" failures="0">
  <properties>
    <property name="java.specification.version" value="21"/>
    <property name="sun.jnu.encoding" value="UTF-8"/>
    <property name="java.class.path" value="/home/nazia/spring-boot-demo/target/test-classes:/home/nazia/spring-boot-demo/target/classes:/home/nazia/.m2/repository/org/springframework/boot/spring-boot-starter-actuator/3.2.11/spring-boot-starter-actuator-3.2.11.jar:/home/nazia/.m2/repository/org/springframework/boot/spring-boot-starter/3.2.11/spring-boot-starter-3.2.11.jar:/home/nazia/.m2/repository/org/springframework/boot/spring-boot/3.2.11/spring-boot-3.2.11.jar:/home/nazia/.m2/repository/org/springframework/boot/spring-boot-autoconfigure/3.2.11/spring-boot-autoconfigure-3.2.11.jar:/home/nazia/.m2/repository/org/springframework/boot/spring-boot-starter-logging/3.2.11/spring-boot-starter-logging-3.2.11.jar:/home/nazia/.m2/repository/ch/qos/logback/logback-classic/1.4.14/logback-classic-1.4.14.jar:/home/nazia/.m2/repository/ch/qos/logback/logback-core/1.4.14/logback-core-1.4.14.jar:/home/nazia/.m2/repository/org/apache/logging/log4j/log4j-to-slf4j/2.21.1/log4j-to-slf4j-2.21.1.jar:/home/nazia/.m2/repository/org/apache/logging/log4j/log4j-api/2.21.1/log4j-api-2.21.1.jar:/home/nazia/.m2/repository/org/slf4j/jul-to-slf4j/2.0.16/jul-to-slf4j-2.0.16.jar:/home/nazia/.m2/repository/jakarta/annotation/jakarta.annotation-api/2.1.1/jakarta.annotation-api-2.1.1.jar:/home/nazia/.m2/repository/org/yaml/snakeyaml/2.2/snakeyaml-2.2.jar:/home/nazia/.m2/repository/org/springframework/boot/spring-boot-actuator-autoconfigure/3.2.11/spring-boot-actuator-autoconfigure-3.2.11.jar:/home/nazia/.m2/repository/org/springframework/boot/spring-boot-actuator/3.2.11/spring-boot-actuator-3.2.11.jar:/home/nazia/.m2/repository/com/fasterxml/jackson/core/jackson-databind/2.15.4/jackson-databind-2.15.4.jar:/home/nazia/.m2/repository/com/fasterxml/jackson/core/jackson-annotations/2.15.4/jackson-annotations-2.15.4.jar:/home/nazia/.m2/repository/com/fasterxml/jackson/core/jackson-core/2.15.4/jackson-core-2.15.4.jar:/home/nazia/.m2/repository/com/fasterxml/jackson/datatype/jackson-datatype-jsr310/2.15.4/jackson-datatype-jsr310-2.15.4.jar:/home/nazia/.m2/repository/io/micrometer/micrometer-observation/1.12.11/micrometer-observation-1.12.11.jar:/home/nazia/.m2/repository/io/micrometer/micrometer-commons/1.12.11/micrometer-commons-1.12.11.jar:/home/nazia/.m2/repository/io/micrometer/micrometer-jakarta9/1.12.11/micrometer-jakarta9-1.12.11.jar:/home/nazia/.m2/repository/io/micrometer/micrometer-core/1.12.11/micrometer-core-1.12.11.jar:/home/nazia/.m2/repository/org/hdrhistogram/HdrHistogram/2.1.12/HdrHistogram-2.1.12.jar:/home/nazia/.m2/repository/org/latencyutils/LatencyUtils/2.0.3/LatencyUtils-2.0.3.jar:/home/nazia/.m2/repository/org/springframework/boot/spring-boot-starter-web/3.2.11/spring-boot-starter-web-3.2.11.jar:/home/nazia/.m2/repository/org/springframework/boot/spring-boot-starter-json/3.2.11/spring-boot-starter-json-3.2.11.jar:/home/nazia/.m2/repository/com/fasterxml/jackson/datatype/jackson-datatype-jdk8/2.15.4/jackson-datatype-jdk8-2.15.4.jar:/home/nazia/.m2/repository/com/fasterxml/jackson/module/jackson-module-parameter-names/2.15.4/jackson-module-parameter-names-2.15.4.jar:/home/nazia/.m2/repository/org/springframework/boot/spring-boot-starter-tomcat/3.2.11/spring-boot-starter-tomcat-3.2.11.jar:/home/nazia/.m2/repository/org/apache/tomcat/embed/tomcat-embed-core/10.1.31/tomcat-embed-core-10.1.31.jar:/home/nazia/.m2/repository/org/apache/tomcat/embed/tomcat-embed-el/10.1.31/tomcat-embed-el-10.1.31.jar:/home/nazia/.m2/repository/org/apache/tomcat/embed/tomcat-embed-websocket/10.1.31/tomcat-embed-websocket-10.1.31.jar:/home/nazia/.m2/repository/org/springframework/spring-web/6.1.14/spring-web-6.1.14.jar:/home/nazia/.m2/repository/org/springframework/spring-beans/6.1.14/spring-beans-6.1.14.jar:/home/nazia/.m2/repository/org/springframework/spring-webmvc/6.1.14/spring-webmvc-6.1.14.jar:/home/nazia/.m2/repository/org/springframework/spring-aop/6.1.14/spring-aop-6.1.14.jar:/home/nazia/.m2/repository/org/springframework/spring-context/6.1.14/spring-context-6.1.14.jar:/home/nazia/.m2/repository/org/springframework/spring-expression/6.1.14/spring-expression-6.1.14.jar:/home/nazia/.m2/repository/org/springframework/boot/spring-boot-starter-test/3.2.11/spring-boot-starter-test-3.2.11.jar:/home/nazia/.m2/repository/org/springframework/boot/spring-boot-test/3.2.11/spring-boot-test-3.2.11.jar:/home/nazia/.m2/repository/org/springframework/boot/spring-boot-test-autoconfigure/3.2.11/spring-boot-test-autoconfigure-3.2.11.jar:/home/nazia/.m2/repository/com/jayway/jsonpath/json-path/2.9.0/json-path-2.9.0.jar:/home/nazia/.m2/repository/org/slf4j/slf4j-api/2.0.16/slf4j-api-2.0.16.jar:/home/nazia/.m2/repository/jakarta/xml/bind/jakarta.xml.bind-api/4.0.2/jakarta.xml.bind-api-4.0.2.jar:/home/nazia/.m2/repository/jakarta/activation/jakarta.activation-api/2.1.3/jakarta.activation-api-2.1.3.jar:/home/nazia/.m2/repository/net/minidev/json-smart/2.5.1/json-smart-2.5.1.jar:/home/nazia/.m2/repository/net/minidev/accessors-smart/2.5.1/accessors-smart-2.5.1.jar:/home/nazia/.m2/repository/org/ow2/asm/asm/9.6/asm-9.6.jar:/home/nazia/.m2/repository/org/assertj/assertj-core/3.24.2/assertj-core-3.24.2.jar:/home/nazia/.m2/repository/net/bytebuddy/byte-buddy/1.14.19/byte-buddy-1.14.19.jar:/home/nazia/.m2/repository/org/awaitility/awaitility/4.2.2/awaitility-4.2.2.jar:/home/nazia/.m2/repository/org/hamcrest/hamcrest/2.2/hamcrest-2.2.jar:/home/nazia/.m2/repository/org/junit/jupiter/junit-jupiter/5.10.5/junit-jupiter-5.10.5.jar:/home/nazia/.m2/repository/org/junit/jupiter/junit-jupiter-api/5.10.5/junit-jupiter-api-5.10.5.jar:/home/nazia/.m2/repository/org/opentest4j/opentest4j/1.3.0/opentest4j-1.3.0.jar:/home/nazia/.m2/repository/org/junit/platform/junit-platform-commons/1.10.5/junit-platform-commons-1.10.5.jar:/home/nazia/.m2/repository/org/apiguardian/apiguardian-api/1.1.2/apiguardian-api-1.1.2.jar:/home/nazia/.m2/repository/org/junit/jupiter/junit-jupiter-params/5.10.5/junit-jupiter-params-5.10.5.jar:/home/nazia/.m2/repository/org/junit/jupiter/junit-jupiter-engine/5.10.5/junit-jupiter-engine-5.10.5.jar:/home/nazia/.m2/repository/org/junit/platform/junit-platform-engine/1.10.5/junit-platform-engine-1.10.5.jar:/home/nazia/.m2/repository/org/mockito/mockito-core/5.7.0/mockito-core-5.7.0.jar:/home/nazia/.m2/repository/net/bytebuddy/byte-buddy-agent/1.14.19/byte-buddy-agent-1.14.19.jar:/home/nazia/.m2/repository/org/objenesis/objenesis/3.3/objenesis-3.3.jar:/home/nazia/.m2/repository/org/mockito/mockito-junit-jupiter/5.7.0/mockito-junit-jupiter-5.7.0.jar:/home/nazia/.m2/repository/org/skyscreamer/jsonassert/1.5.3/jsonassert-1.5.3.jar:/home/nazia/.m2/repository/com/vaadin/external/google/android-json/0.0.20131108.vaadin1/android-json-0.0.20131108.vaadin1.jar:/home/nazia/.m2/repository/org/springframework/spring-core/6.1.14/spring-core-6.1.14.jar:/home/nazia/.m2/repository/org/springframework/spring-jcl/6.1.14/spring-jcl-6.1.14.jar:/home/nazia/.m2/repository/org/springframework/spring-test/6.1.14/spring-test-6.1.14.jar:/home/nazia/.m2/repository/org/xmlunit/xmlunit-core/2.9.1/xmlunit-core-2.9.1.jar:"/>
    <property name="java.vm.vendor" value="Red Hat, Inc."/>
    <property name="sun.arch.data.model" value="64"/>
    <property name="java.vendor.url" value="https://www.redhat.com/"/>
    <property name="user.timezone" value="Asia/Dhaka"/>
    <property name="os.name" value="Linux"/>
    <property name="java.vm.specification.version" value="21"/>
    <property name="sun.java.launcher" value="SUN_STANDARD"/>
    <property name="user.country" value="US"/>
    <property name="sun.boot.library.path" value="/usr/lib/jvm/java-21-openjdk-21.0.5.0.11-1.fc40.x86_64/lib"/>
    <property name="sun.java.command" value="/home/nazia/spring-boot-demo/target/surefire/surefirebooter-20241107120556013_3.jar /home/nazia/spring-boot-demo/target/surefire 2024-11-07T12-05-54_229-jvmRun1 surefire-20241107120556013_1tmp surefire_0-20241107120556013_2tmp"/>
    <property name="jdk.debug" value="release"/>
    <property name="surefire.test.class.path" value="/home/nazia/spring-boot-demo/target/test-classes:/home/nazia/spring-boot-demo/target/classes:/home/nazia/.m2/repository/org/springframework/boot/spring-boot-starter-actuator/3.2.11/spring-boot-starter-actuator-3.2.11.jar:/home/nazia/.m2/repository/org/springframework/boot/spring-boot-starter/3.2.11/spring-boot-starter-3.2.11.jar:/home/nazia/.m2/repository/org/springframework/boot/spring-boot/3.2.11/spring-boot-3.2.11.jar:/home/nazia/.m2/repository/org/springframework/boot/spring-boot-autoconfigure/3.2.11/spring-boot-autoconfigure-3.2.11.jar:/home/nazia/.m2/repository/org/springframework/boot/spring-boot-starter-logging/3.2.11/spring-boot-starter-logging-3.2.11.jar:/home/nazia/.m2/repository/ch/qos/logback/logback-classic/1.4.14/logback-classic-1.4.14.jar:/home/nazia/.m2/repository/ch/qos/logback/logback-core/1.4.14/logback-core-1.4.14.jar:/home/nazia/.m2/repository/org/apache/logging/log4j/log4j-to-slf4j/2.21.1/log4j-to-slf4j-2.21.1.jar:/home/nazia/.m2/repository/org/apache/logging/log4j/log4j-api/2.21.1/log4j-api-2.21.1.jar:/home/nazia/.m2/repository/org/slf4j/jul-to-slf4j/2.0.16/jul-to-slf4j-2.0.16.jar:/home/nazia/.m2/repository/jakarta/annotation/jakarta.annotation-api/2.1.1/jakarta.annotation-api-2.1.1.jar:/home/nazia/.m2/repository/org/yaml/snakeyaml/2.2/snakeyaml-2.2.jar:/home/nazia/.m2/repository/org/springframework/boot/spring-boot-actuator-autoconfigure/3.2.11/spring-boot-actuator-autoconfigure-3.2.11.jar:/home/nazia/.m2/repository/org/springframework/boot/spring-boot-actuator/3.2.11/spring-boot-actuator-3.2.11.jar:/home/nazia/.m2/repository/com/fasterxml/jackson/core/jackson-databind/2.15.4/jackson-databind-2.15.4.jar:/home/nazia/.m2/repository/com/fasterxml/jackson/core/jackson-annotations/2.15.4/jackson-annotations-2.15.4.jar:/home/nazia/.m2/repository/com/fasterxml/jackson/core/jackson-core/2.15.4/jackson-core-2.15.4.jar:/home/nazia/.m2/repository/com/fasterxml/jackson/datatype/jackson-datatype-jsr310/2.15.4/jackson-datatype-jsr310-2.15.4.jar:/home/nazia/.m2/repository/io/micrometer/micrometer-observation/1.12.11/micrometer-observation-1.12.11.jar:/home/nazia/.m2/repository/io/micrometer/micrometer-commons/1.12.11/micrometer-commons-1.12.11.jar:/home/nazia/.m2/repository/io/micrometer/micrometer-jakarta9/1.12.11/micrometer-jakarta9-1.12.11.jar:/home/nazia/.m2/repository/io/micrometer/micrometer-core/1.12.11/micrometer-core-1.12.11.jar:/home/nazia/.m2/repository/org/hdrhistogram/HdrHistogram/2.1.12/HdrHistogram-2.1.12.jar:/home/nazia/.m2/repository/org/latencyutils/LatencyUtils/2.0.3/LatencyUtils-2.0.3.jar:/home/nazia/.m2/repository/org/springframework/boot/spring-boot-starter-web/3.2.11/spring-boot-starter-web-3.2.11.jar:/home/nazia/.m2/repository/org/springframework/boot/spring-boot-starter-json/3.2.11/spring-boot-starter-json-3.2.11.jar:/home/nazia/.m2/repository/com/fasterxml/jackson/datatype/jackson-datatype-jdk8/2.15.4/jackson-datatype-jdk8-2.15.4.jar:/home/nazia/.m2/repository/com/fasterxml/jackson/module/jackson-module-parameter-names/2.15.4/jackson-module-parameter-names-2.15.4.jar:/home/nazia/.m2/repository/org/springframework/boot/spring-boot-starter-tomcat/3.2.11/spring-boot-starter-tomcat-3.2.11.jar:/home/nazia/.m2/repository/org/apache/tomcat/embed/tomcat-embed-core/10.1.31/tomcat-embed-core-10.1.31.jar:/home/nazia/.m2/repository/org/apache/tomcat/embed/tomcat-embed-el/10.1.31/tomcat-embed-el-10.1.31.jar:/home/nazia/.m2/repository/org/apache/tomcat/embed/tomcat-embed-websocket/10.1.31/tomcat-embed-websocket-10.1.31.jar:/home/nazia/.m2/repository/org/springframework/spring-web/6.1.14/spring-web-6.1.14.jar:/home/nazia/.m2/repository/org/springframework/spring-beans/6.1.14/spring-beans-6.1.14.jar:/home/nazia/.m2/repository/org/springframework/spring-webmvc/6.1.14/spring-webmvc-6.1.14.jar:/home/nazia/.m2/repository/org/springframework/spring-aop/6.1.14/spring-aop-6.1.14.jar:/home/nazia/.m2/repository/org/springframework/spring-context/6.1.14/spring-context-6.1.14.jar:/home/nazia/.m2/repository/org/springframework/spring-expression/6.1.14/spring-expression-6.1.14.jar:/home/nazia/.m2/repository/org/springframework/boot/spring-boot-starter-test/3.2.11/spring-boot-starter-test-3.2.11.jar:/home/nazia/.m2/repository/org/springframework/boot/spring-boot-test/3.2.11/spring-boot-test-3.2.11.jar:/home/nazia/.m2/repository/org/springframework/boot/spring-boot-test-autoconfigure/3.2.11/spring-boot-test-autoconfigure-3.2.11.jar:/home/nazia/.m2/repository/com/jayway/jsonpath/json-path/2.9.0/json-path-2.9.0.jar:/home/nazia/.m2/repository/org/slf4j/slf4j-api/2.0.16/slf4j-api-2.0.16.jar:/home/nazia/.m2/repository/jakarta/xml/bind/jakarta.xml.bind-api/4.0.2/jakarta.xml.bind-api-4.0.2.jar:/home/nazia/.m2/repository/jakarta/activation/jakarta.activation-api/2.1.3/jakarta.activation-api-2.1.3.jar:/home/nazia/.m2/repository/net/minidev/json-smart/2.5.1/json-smart-2.5.1.jar:/home/nazia/.m2/repository/net/minidev/accessors-smart/2.5.1/accessors-smart-2.5.1.jar:/home/nazia/.m2/repository/org/ow2/asm/asm/9.6/asm-9.6.jar:/home/nazia/.m2/repository/org/assertj/assertj-core/3.24.2/assertj-core-3.24.2.jar:/home/nazia/.m2/repository/net/bytebuddy/byte-buddy/1.14.19/byte-buddy-1.14.19.jar:/home/nazia/.m2/repository/org/awaitility/awaitility/4.2.2/awaitility-4.2.2.jar:/home/nazia/.m2/repository/org/hamcrest/hamcrest/2.2/hamcrest-2.2.jar:/home/nazia/.m2/repository/org/junit/jupiter/junit-jupiter/5.10.5/junit-jupiter-5.10.5.jar:/home/nazia/.m2/repository/org/junit/jupiter/junit-jupiter-api/5.10.5/junit-jupiter-api-5.10.5.jar:/home/nazia/.m2/repository/org/opentest4j/opentest4j/1.3.0/opentest4j-1.3.0.jar:/home/nazia/.m2/repository/org/junit/platform/junit-platform-commons/1.10.5/junit-platform-commons-1.10.5.jar:/home/nazia/.m2/repository/org/apiguardian/apiguardian-api/1.1.2/apiguardian-api-1.1.2.jar:/home/nazia/.m2/repository/org/junit/jupiter/junit-jupiter-params/5.10.5/junit-jupiter-params-5.10.5.jar:/home/nazia/.m2/repository/org/junit/jupiter/junit-jupiter-engine/5.10.5/junit-jupiter-engine-5.10.5.jar:/home/nazia/.m2/repository/org/junit/platform/junit-platform-engine/1.10.5/junit-platform-engine-1.10.5.jar:/home/nazia/.m2/repository/org/mockito/mockito-core/5.7.0/mockito-core-5.7.0.jar:/home/nazia/.m2/repository/net/bytebuddy/byte-buddy-agent/1.14.19/byte-buddy-agent-1.14.19.jar:/home/nazia/.m2/repository/org/objenesis/objenesis/3.3/objenesis-3.3.jar:/home/nazia/.m2/repository/org/mockito/mockito-junit-jupiter/5.7.0/mockito-junit-jupiter-5.7.0.jar:/home/nazia/.m2/repository/org/skyscreamer/jsonassert/1.5.3/jsonassert-1.5.3.jar:/home/nazia/.m2/repository/com/vaadin/external/google/android-json/0.0.20131108.vaadin1/android-json-0.0.20131108.vaadin1.jar:/home/nazia/.m2/repository/org/springframework/spring-core/6.1.14/spring-core-6.1.14.jar:/home/nazia/.m2/repository/org/springframework/spring-jcl/6.1.14/spring-jcl-6.1.14.jar:/home/nazia/.m2/repository/org/springframework/spring-test/6.1.14/spring-test-6.1.14.jar:/home/nazia/.m2/repository/org/xmlunit/xmlunit-core/2.9.1/xmlunit-core-2.9.1.jar:"/>
    <property name="sun.cpu.endian" value="little"/>
    <property name="user.home" value="/home/nazia"/>
    <property name="user.language" value="en"/>
    <property name="java.specification.vendor" value="Oracle Corporation"/>
    <property name="java.version.date" value="2024-10-15"/>
    <property name="java.home" value="/usr/lib/jvm/java-21-openjdk-21.0.5.0.11-1.fc40.x86_64"/>
    <property name="file.separator" value="/"/>
    <property name="basedir" value="/home/nazia/spring-boot-demo"/>
    <property name="java.vm.compressedOopsMode" value="Zero based"/>
    <property name="line.separator" value="&#10;"/>
    <property name="java.vm.specification.vendor" value="Oracle Corporation"/>
    <property name="java.specification.name" value="Java Platform API Specification"/>
    <property name="FILE_LOG_CHARSET" value="UTF-8"/>
    <property name="java.awt.headless" value="true"/>
    <property name="surefire.real.class.path" value="/home/nazia/spring-boot-demo/target/surefire/surefirebooter-20241107120556013_3.jar"/>
    <property name="sun.management.compiler" value="HotSpot 64-Bit Tiered Compilers"/>
    <property name="java.runtime.version" value="21.0.5+11"/>
    <property name="user.name" value="nazia"/>
    <property name="stdout.encoding" value="UTF-8"/>
    <property name="path.separator" value=":"/>
    <property name="os.version" value="6.11.5-200.fc40.x86_64"/>
    <property name="java.runtime.name" value="OpenJDK Runtime Environment"/>
    <property name="file.encoding" value="UTF-8"/>
    <property name="java.vm.name" value="OpenJDK 64-Bit Server VM"/>
    <property name="java.vendor.version" value="(Red_Hat-21.0.5.0.11-1)"/>
    <property name="localRepository" value="/home/nazia/.m2/repository"/>
    <property name="java.vendor.url.bug" value="https://bugzilla.redhat.com/enter_bug.cgi?product=Fedora&amp;component=java-21-openjdk&amp;version=39"/>
    <property name="java.io.tmpdir" value="/tmp"/>
    <property name="java.version" value="21.0.5"/>
    <property name="user.dir" value="/home/nazia/spring-boot-demo"/>
    <property name="os.arch" value="amd64"/>
    <property name="java.vm.specification.name" value="Java Virtual Machine Specification"/>
    <property name="PID" value="22574"/>
    <property name="CONSOLE_LOG_CHARSET" value="UTF-8"/>
    <property name="native.encoding" value="UTF-8"/>
    <property name="java.library.path" value="/usr/java/packages/lib:/usr/lib64:/lib64:/lib:/usr/lib"/>
    <property name="java.vm.info" value="mixed mode, sharing"/>
    <property name="stderr.encoding" value="UTF-8"/>
    <property name="java.vendor" value="Red Hat, Inc."/>
    <property name="java.vm.version" value="21.0.5+11"/>
    <property name="sun.io.unicode.encoding" value="UnicodeLittle"/>
    <property name="java.class.version" value="65.0"/>
    <property name="LOGGED_APPLICATION_NAME" value="[spring-boot-demo] "/>
  </properties>
  <testcase name="contextLoads" classname="com.example.spring_boot_demo.SpringBootDemoApplicationTests" time="0.445">
    <system-out><![CDATA[12:05:56.364 [main] INFO org.springframework.test.context.support.AnnotationConfigContextLoaderUtils -- Could not detect default configuration classes for test class [com.example.spring_boot_demo.SpringBootDemoApplicationTests]: SpringBootDemoApplicationTests does not declare any static, non-private, non-final, nested classes annotated with @Configuration.
12:05:56.419 [main] INFO org.springframework.boot.test.context.SpringBootTestContextBootstrapper -- Found @SpringBootConfiguration com.example.spring_boot_demo.SpringBootDemoApplication for test class com.example.spring_boot_demo.SpringBootDemoApplicationTests

  .   ____          _            __ _ _
 /\\ / ___'_ __ _ _(_)_ __  __ _ \ \ \ \
( ( )\___ | '_ | '_| | '_ \/ _` | \ \ \ \
 \\/  ___)| |_)| | | | | || (_| |  ) ) ) )
  '  |____| .__|_| |_|_| |_\__, | / / / /
 =========|_|==============|___/=/_/_/_/
 :: Spring Boot ::               (v3.2.11)

2024-11-07T12:05:56.605+06:00  INFO 22574 --- [spring-boot-demo] [           main] c.e.s.SpringBootDemoApplicationTests     : Starting SpringBootDemoApplicationTests using Java 21.0.5 with PID 22574 (started by nazia in /home/nazia/spring-boot-demo)
2024-11-07T12:05:56.605+06:00  INFO 22574 --- [spring-boot-demo] [           main] c.e.s.SpringBootDemoApplicationTests     : No active profile set, falling back to 1 default profile: "default"
2024-11-07T12:05:57.452+06:00  INFO 22574 --- [spring-boot-demo] [           main] o.s.b.a.e.web.EndpointLinksResolver      : Exposing 13 endpoint(s) beneath base path '/actuator'
2024-11-07T12:05:57.484+06:00  INFO 22574 --- [spring-boot-demo] [           main] c.e.s.SpringBootDemoApplicationTests     : Started SpringBootDemoApplicationTests in 1.002 seconds (process running for 1.447)
]]></system-out>
    <system-err><![CDATA[WARNING: A Java agent has been loaded dynamically (/home/nazia/.m2/repository/net/bytebuddy/byte-buddy-agent/1.14.19/byte-buddy-agent-1.14.19.jar)
WARNING: If a serviceability tool is in use, please run with -XX:+EnableDynamicAgentLoading to hide this warning
WARNING: If a serviceability tool is not in use, please run with -Djdk.instrument.traceUsage for more information
WARNING: Dynamic loading of agents will be disallowed by default in a future release
]]></system-err>
  </testcase>
</testsuite>